<?xml version="1.0" encoding="UTF-8"?>
<!-- Generated by org.testng.reporters.JUnitXMLReporter -->
<testsuite hostname="chclass14" name="Default test" tests="4" failures="0" timestamp="29 Feb 2016 13:54:09 GMT" time="6.288" errors="0">
  <testcase name="" time="0.316" classname="com.softserve.hotels.controller.AdminControllerTest"/>
  <testcase name="" time="0.151" classname="com.softserve.hotels.controller.AdminControllerTest"/>
  <testcase name="" time="0.069" classname="com.softserve.hotels.controller.AdminControllerTest"/>
  <testcase name="" time="0.126" classname="com.softserve.hotels.controller.AdminControllerTest"/>
</testsuite> <!-- Default test -->
